INFO     ======================================================================
INFO     Code Review Local - Starting Workflow
INFO     ======================================================================
INFO     
======================================================================
INFO     STEP 1: Downloading files from SharePoint (PARALLEL)
INFO     ======================================================================
INFO     No saved session found at: C:\Users\e480545\Scripts\Code Review Updater\local\sp_session.json
INFO     Opening browser for login…
ERROR    Login cancelled by user.
ERROR    Authentication failed: Browser.close: Connection closed while reading from the driver
INFO     ======================================================================
INFO     Code Review Local - Starting Workflow
INFO     ======================================================================
INFO     
======================================================================
INFO     STEP 1: Downloading files from SharePoint (PARALLEL)
INFO     ======================================================================
INFO     No saved session found at: C:\Users\e480545\Scripts\Code Review Updater\local\sp_session.json
INFO     Opening browser for login…
INFO     User confirmed login.
INFO     Session saved to: C:\Users\e480545\Scripts\Code Review Updater\local\sp_session.json
INFO     No saved session found at: C:\Users\e480545\Scripts\Code Review Updater\local\sp_dest_session.json
INFO     Opening browser for login…
INFO     User confirmed login.
INFO     Session saved to: C:\Users\e480545\Scripts\Code Review Updater\local\sp_dest_session.json
INFO     Downloading: https://space-us.external.lmco.com/sites/ngi/fa/Software/Software/01-Common-Folder/NGI FSW Formal Review Status.xlsx?download=1
INFO     Downloading: https://lmco.sharepoint.us/sites/US-NGI-Cyber-Software/Shared Documents/General/Software Support/New Code Review Tracker.xlsx?download=1
INFO     Navigation interrupted by download (expected)
INFO     Download started: NGI FSW Formal Review Status.xlsx
INFO     Saved to: C:\Users\e480545\Scripts\Code Review Updater\local\NGI FSW Formal Review Status.xlsx (210.0 KB)
INFO     ✓ Downloaded source to: C:\Users\e480545\Scripts\Code Review Updater\local\NGI FSW Formal Review Status.xlsx
ERROR    Download did not start
ERROR      URL attempted: https://lmco.sharepoint.us/sites/US-NGI-Cyber-Software/Shared Documents/General/Software Support/New Code Review Tracker.xlsx?download=1
ERROR      HTTP Status: 200
ERROR      Current page: https://login.microsoftonline.us/b18f006c-b0fc-467d-b23a-a35b5695b5dc/oauth2/authorize?client%5Fid=00000003%2D0000%2D0ff1%2Dce00%2D000000000000&response%5Fmode=form%5Fpost&ear%5Fjwe%5Fcrypto=eyJhbGciOiJFQ0RILUVTIiwiZW5jIjoiQTI1NkdDTSIsImFwdiI6IkFBQUFDVVZoY2tOc2FXVnVkR2dBQUFCRlEwc3pNQUFBQURnNTkxR21MMU5wUG9JM3I4R2lwQnJOekRZZHpPV0tYWE9YeVhRakpaWWdubTk4elFBWXVFZXppTUkvVjNXK1ZKRnN4emk1anE4bTFTVXdNdy8zbTRJLzFNNmRvVWxvWngxL3kzQ09QRDh2NkFZU3JrY2VQbmk4YVI3UDhMWkc0d0FBQUJnU3VkNTRjRzZuS09YR0RJSWRnRFEvZkNtbm5aalBTR3M9In0%3D&ear%5Fjwk=eyJhbGciOiJFQ0RILUVTIiwiY3J2IjoiUC0zODQiLCJ4IjoiQUFBQU1EZzU5MUdtTDFOcFBvSTNyOEdpcEJyTnpEWWR6T1dLWFhPWHlYUWpKWllnbm05OHpRQVl1RWV6aU1JL1YzVytWQT09IiwieSI6IkFBQUFNSkZzeHppNWpxOG0xU1V3TXcvM200SS8xTTZkb1Vsb1p4MS95M0NPUEQ4djZBWVNya2NlUG5pOGFSN1A4TFpHNHc9PSIsImt0eSI6IkVDIn0%3D&spa%5Fclient%5Fid=08e18876%2D6177%2D487e%2Db8b5%2Dcf950c1e598c&client%5Finfo=1&response%5Ftype=code%20id%5Ftoken%20spa%5Frt&resource=00000003%2D0000%2D0ff1%2Dce00%2D000000000000&scope=openid&nonce=01468F97253710B6DB9F9F6C27E00FE5CB5581FED66F082C%2D37F6B89DA99B492252DAF91F43A25A02A7BF017E57CE8EB31E7FF8E92A086808&redirect%5Furi=https%3A%2F%2Flmco%2Esharepoint%2Eus%2F%5Fforms%2Fdefault%2Easpx&state=OD0wJjMyPUFBTERiZ0FBQUJSYVdUclQyMEFma3MwQ3k5OUVoJTJGeHQlMkZQJTJCcjVqVjQlMkZZRG9GWFJFaHF5TU1UUlBwJTJGS0FFckdPaWx6cEc4ZkpnenEzQnhLMjF2YnBiMWxkbEplZ2VuRSUyQlMwQkFxR3lqRGhiREs1aSUyQlhKRHJZd01UVVNiZmhvM25uMlNYb2pLS2pGUE4lMkJ1dUJmN1gxalA4eEh4ZkExNnY5Unh0cDZCTjNibVNDSlkzSGQyZ0VvY0t2V3pHd1o2RlFpa3NQRlY0MlRWOCUyRlc4Y0RWRGpMdTBob2Z5cHcxRDdxOExJSjZkZHd2cUt2OURNUG5MSHhLdFpkZGo0JTJGWDM2Z25SQ3kwdHZJZWFoejB3UmpiRkdGdWYwRFlKS2JnRXdxNzVrYzdxYjJIclNIV0J0S1NRb1RhWGo0R0J6dWdTWUVUeXZCelprcXFMbDhRbjJSVmdPSnN2TEFEcE8zNjY2JTJCVUtmSWZQdjduOElBbHI1VDFZT243V29WcnJNdWgwRmd1USUzRCUzRA&claims=%7B%22id%5Ftoken%22%3A%7B%22xms%5Fcc%22%3A%7B%22values%22%3A%5B%22CP1%22%5D%7D%7D%7D&wsucxt=1&cobrandid=11bd8083%2D87e0%2D41b5%2Dbb78%2D0bc43c8a8e8a&client%2Drequest%2Did=fa9415a2%2De09c%2D0000%2D469f%2D8227cee160e3
ERROR      Page title: Sign in to your account
ERROR      Redirected to login page - session may have expired
ERROR    ✗ Failed to download comparison
INFO     ======================================================================
INFO     Code Review Local - Starting Workflow
INFO     ======================================================================
INFO     
======================================================================
INFO     STEP 1: Downloading files from SharePoint (PARALLEL)
INFO     ======================================================================
INFO     No saved session found at: C:\Users\e480545\Scripts\Code Review Updater\local\sp_session.json
INFO     Opening browser for login…
INFO     User confirmed login.
INFO     Session saved to: C:\Users\e480545\Scripts\Code Review Updater\local\sp_session.json
INFO     No saved session found at: C:\Users\e480545\Scripts\Code Review Updater\local\sp_dest_session.json
INFO     Opening browser for login…
INFO     User confirmed login.
INFO     Session saved to: C:\Users\e480545\Scripts\Code Review Updater\local\sp_dest_session.json
INFO     Downloading: https://space-us.external.lmco.com/sites/ngi/fa/Software/Software/01-Common-Folder/NGI FSW Formal Review Status.xlsx?download=1
INFO     Downloading: https://lmco.sharepoint.us/sites/US-NGI-Cyber-Software/Shared Documents/General/Software Support/New Code Review Tracker.xlsx?download=1
INFO     Navigation interrupted by download (expected)
INFO     Download started: NGI FSW Formal Review Status.xlsx
INFO     Navigation interrupted by download (expected)
INFO     Download started: New Code Review Tracker.xlsx
INFO     Deleting existing file: C:\Users\e480545\Scripts\Code Review Updater\local\NGI FSW Formal Review Status.xlsx
INFO     Saved to: C:\Users\e480545\Scripts\Code Review Updater\local\NGI FSW Formal Review Status.xlsx (210.0 KB)
INFO     Saved to: C:\Users\e480545\Scripts\Code Review Updater\local\comparison_tracker.xlsx (345.9 KB)
INFO     ✓ Downloaded comparison to: C:\Users\e480545\Scripts\Code Review Updater\local\comparison_tracker.xlsx
INFO     ✓ Downloaded source to: C:\Users\e480545\Scripts\Code Review Updater\local\NGI FSW Formal Review Status.xlsx
INFO     
======================================================================
INFO     STEP 2: Processing and categorizing data
INFO     ======================================================================
INFO     Reading from: C:\Users\e480545\Scripts\Code Review Updater\local\NGI FSW Formal Review Status.xlsx
INFO     Rows routed:
INFO       Code    : 674
INFO       Design  : 192
INFO       Test    : 0
INFO       Other   : 61
INFO       ignored  : 297
INFO     ✓ Processed data saved to: C:\Users\e480545\AppData\Local\Temp\1\tmpsnx5hos7.xlsx
INFO     
======================================================================
INFO     STEP 3: Comparing and saving to local destination
INFO     ======================================================================
INFO     Comparing against: comparison_tracker.xlsx
INFO       Sheet 'Code': Max Review # in tracker = 105711
INFO       Sheet 'Code': 1 new rows to save
INFO       Sheet 'Design': Max Review # in tracker = 105686
INFO       Sheet 'Design': 0 new rows to save
INFO       Sheet 'Other': Max Review # in tracker = 105626
INFO       Sheet 'Other': 1 new rows to save
INFO     
Saving 2 new rows to local destination...
INFO     Found table 'Table3' with range B3:I749
INFO     Expanded table to B3:I750
INFO     Appended 1 rows to 'Code' starting at row 750
INFO     Found table 'Table325' with range B3:G751
INFO     Expanded table to B3:G752
INFO     Appended 1 rows to 'Other' starting at row 752
INFO     ✓ Created new destination: C:\Users\e480545\Scripts\Code Review Updater\local\destination_current.xlsx
INFO     
======================================================================
INFO     ✓ WORKFLOW COMPLETED SUCCESSFULLY
INFO     ======================================================================
INFO     ======================================================================
INFO     Code Review Local - Starting Workflow
INFO     ======================================================================
INFO     
======================================================================
INFO     STEP 1: Downloading files from SharePoint (PARALLEL)
INFO     ======================================================================
INFO     Checking saved session...
INFO     Session is valid.
INFO     Checking saved session...
INFO     Session is valid.
INFO     Downloading: https://space-us.external.lmco.com/sites/ngi/fa/Software/Software/01-Common-Folder/NGI FSW Formal Review Status.xlsx?download=1
INFO     Downloading: https://lmco.sharepoint.us/sites/US-NGI-Cyber-Software/Shared Documents/General/Software Support/New Code Review Tracker.xlsx?download=1
INFO     Download started: New Code Review Tracker.xlsx
ERROR    Download did not start
ERROR      URL attempted: https://space-us.external.lmco.com/sites/ngi/fa/Software/Software/01-Common-Folder/NGI FSW Formal Review Status.xlsx?download=1
ERROR      HTTP Status: 200
ERROR      Current page: https://auth.p.external.lmco.com/idp/SSO.saml2
ERROR      Page title: Choose Identity Provider
ERROR    ✗ Failed to download source
INFO     Deleting existing file: C:\Users\e480545\Scripts\Code Review Updater\local\comparison_tracker.xlsx
INFO     Saved to: C:\Users\e480545\Scripts\Code Review Updater\local\comparison_tracker.xlsx (346.0 KB)
INFO     ======================================================================
INFO     Code Review Local - Starting Workflow
INFO     ======================================================================
INFO     
======================================================================
INFO     STEP 1: Downloading files from SharePoint (PARALLEL)
INFO     ======================================================================
INFO     No saved session found at: C:\Users\e480545\Scripts\Code Review Updater\local\sp_session.json
INFO     Opening browser for login…
INFO     User confirmed login.
INFO     Session saved to: C:\Users\e480545\Scripts\Code Review Updater\local\sp_session.json
INFO     No saved session found at: C:\Users\e480545\Scripts\Code Review Updater\local\sp_dest_session.json
INFO     Opening browser for login…
INFO     User confirmed login.
INFO     Session saved to: C:\Users\e480545\Scripts\Code Review Updater\local\sp_dest_session.json
INFO     Downloading: https://space-us.external.lmco.com/sites/ngi/fa/Software/Software/01-Common-Folder/NGI FSW Formal Review Status.xlsx?download=1
INFO     Downloading: https://lmco.sharepoint.us/sites/US-NGI-Cyber-Software/Shared Documents/General/Software Support/New Code Review Tracker.xlsx?download=1
INFO     Navigation interrupted by download (expected)
INFO     Download started: NGI FSW Formal Review Status.xlsx
INFO     Navigation interrupted by download (expected)
INFO     Download started: New Code Review Tracker.xlsx
INFO     Deleting existing file: C:\Users\e480545\Scripts\Code Review Updater\local\NGI FSW Formal Review Status.xlsx
INFO     Saved to: C:\Users\e480545\Scripts\Code Review Updater\local\NGI FSW Formal Review Status.xlsx (210.0 KB)
INFO     Deleting existing file: C:\Users\e480545\Scripts\Code Review Updater\local\comparison_tracker.xlsx
INFO     Saved to: C:\Users\e480545\Scripts\Code Review Updater\local\comparison_tracker.xlsx (346.0 KB)
INFO     ✓ Downloaded comparison to: C:\Users\e480545\Scripts\Code Review Updater\local\comparison_tracker.xlsx
INFO     ✓ Downloaded source to: C:\Users\e480545\Scripts\Code Review Updater\local\NGI FSW Formal Review Status.xlsx
INFO     
======================================================================
INFO     STEP 2: Processing and categorizing data
INFO     ======================================================================
INFO     Reading from: C:\Users\e480545\Scripts\Code Review Updater\local\NGI FSW Formal Review Status.xlsx
INFO     Rows routed:
INFO       Code    : 674
INFO       Design  : 192
INFO       Test    : 0
INFO       Other   : 61
INFO       ignored  : 297
INFO     ✓ Processed data saved to: C:\Users\e480545\AppData\Local\Temp\1\tmpr51quwt1.xlsx
INFO     
======================================================================
INFO     STEP 3: Comparing and saving to local destination
INFO     ======================================================================
INFO     Comparing against: destination_current.xlsx
INFO       Sheet 'Code': Max Review # in tracker = 105715
INFO       Sheet 'Code': 0 new rows to save
INFO       Sheet 'Design': Max Review # in tracker = 105686
INFO       Sheet 'Design': 0 new rows to save
INFO       Sheet 'Other': Max Review # in tracker = 105712
INFO       Sheet 'Other': 0 new rows to save
INFO     
======================================================================
INFO     ✓ NO NEW DATA - All rows already exist in tracker!
INFO     ======================================================================
INFO     ======================================================================
INFO     Code Review Local - Starting Workflow
INFO     ======================================================================
INFO     
======================================================================
INFO     STEP 1: Downloading files from SharePoint (PARALLEL)
INFO     ======================================================================
INFO     No saved session found at: C:\Users\e480545\Scripts\Code Review Updater\local\sp_session.json
INFO     Opening browser for login…
INFO     ======================================================================
INFO     Code Review Local - Starting Workflow
INFO     ======================================================================
INFO     
======================================================================
INFO     STEP 1: Downloading files from SharePoint (PARALLEL)
INFO     ======================================================================
INFO     No saved session found at: C:\Users\e480545\Scripts\Code Review Updater\local\sp_session.json
INFO     Opening browser for login…
INFO     Waiting for login completion (auto-detect mode)...
INFO     Login detected! Current URL: https://lmsharepoint-pri.external.lmco.com/my.policy
INFO     Session saved to: C:\Users\e480545\Scripts\Code Review Updater\local\sp_session.json
INFO     Checking saved session...
INFO     Session is valid.
INFO     Downloading: https://space-us.external.lmco.com/sites/ngi/fa/Software/Software/01-Common-Folder/NGI FSW Formal Review Status.xlsx?download=1
INFO     Downloading: https://lmco.sharepoint.us/sites/US-NGI-Cyber-Software/Shared Documents/General/Software Support/New Code Review Tracker.xlsx?download=1
ERROR    Download did not start
ERROR      URL attempted: https://space-us.external.lmco.com/sites/ngi/fa/Software/Software/01-Common-Folder/NGI FSW Formal Review Status.xlsx?download=1
ERROR      HTTP Status: 200
ERROR      Current page: https://lmsharepoint-pri.external.lmco.com/F5Networks-SSO-Req?SSO_ORIG_URI=aHR0cHM6Ly9zcGFjZS11cy5leHRlcm5hbC5sbWNvLmNvbS9zaXRlcy9uZ2kvZmEvU29mdHdhcmUvU29mdHdhcmUvMDEtQ29tbW9uLUZvbGRlci9OR0klMjBGU1clMjBGb3JtYWwlMjBSZXZpZXclMjBTdGF0dXMueGxzeD9kb3dubG9hZD0x
ERROR      Page title: Error Page
ERROR      Page shows an error - file may not exist or access denied
INFO     Download started: New Code Review Tracker.xlsx
ERROR    ✗ Failed to download source
INFO     Saved to: C:\Users\e480545\Scripts\Code Review Updater\local\comparison_tracker.xlsx (346.0 KB)
INFO     ======================================================================
INFO     Code Review Local - Starting Workflow
INFO     ======================================================================
INFO     
======================================================================
INFO     STEP 1: Downloading files from SharePoint (PARALLEL)
INFO     ======================================================================
INFO     Checking saved session...
INFO     Session is valid.
INFO     Checking saved session...
INFO     Session is valid.
INFO     Downloading: https://lmco.sharepoint.us/sites/US-NGI-Cyber-Software/Shared Documents/General/Software Support/New Code Review Tracker.xlsx?download=1
INFO     Downloading: https://space-us.external.lmco.com/sites/ngi/fa/Software/Software/01-Common-Folder/NGI FSW Formal Review Status.xlsx?download=1
INFO     Download started: New Code Review Tracker.xlsx
ERROR    Download did not start
ERROR      URL attempted: https://space-us.external.lmco.com/sites/ngi/fa/Software/Software/01-Common-Folder/NGI FSW Formal Review Status.xlsx?download=1
ERROR      HTTP Status: 200
ERROR      Current page: https://auth.p.external.lmco.com/idp/SSO.saml2
ERROR      Page title: Choose Identity Provider
ERROR    ✗ Failed to download source
INFO     Deleting existing file: C:\Users\e480545\Scripts\Code Review Updater\local\comparison_tracker.xlsx
INFO     Saved to: C:\Users\e480545\Scripts\Code Review Updater\local\comparison_tracker.xlsx (346.0 KB)
INFO     ======================================================================
INFO     Code Review Local - Starting Workflow
INFO     ======================================================================
INFO     
======================================================================
INFO     STEP 1: Downloading files from SharePoint (PARALLEL)
INFO     ======================================================================
INFO     Checking saved session...
INFO     Session is valid.
INFO     No saved session found at: C:\Users\e480545\Scripts\Code Review Updater\local\..\sp_dest_session.json
INFO     Opening browser for login…
INFO     Waiting for login completion (auto-detect mode)...
INFO     Login detected! Current URL: https://login.microsoftonline.us/b18f006c-b0fc-467d-b23a-a35b5695b5dc/oauth2/authorize?client%5Fid=00000003%2D0000%2D0ff1%2Dce00%2D000000000000&response%5Fmode=form%5Fpost&ear%5Fjwe%5Fcrypto=eyJhbGciOiJFQ0RILUVTIiwiZW5jIjoiQTI1NkdDTSIsImFwdiI6IkFBQUFDVVZoY2tOc2FXVnVkR2dBQUFCRlEwc3pNQUFBQVB5Tm43KzI4bnpwMXNuU2lvbnFFWDBvMnY5YTQ0RFh6SWRWekExRHIzTmhsbVF2S2MrS1MyK1ZLRDNlNnAzaTAzbEhJMlBkamkvM2h5RGFVQTdKU1pNVUFiYndFbjF2US9iOU1oOVY3ZUVvcHUvL24xemtUNk5DYVVaZ3pDYkFjQUFBQUJnWDhNOHZDelc2cUo2SmpqYUJpZ3c3YlVmU1JFcVhPdFU9In0%3D&ear%5Fjwk=eyJhbGciOiJFQ0RILUVTIiwiY3J2IjoiUC0zODQiLCJ4IjoiQUFBQU1QeU5uNysyOG56cDFzblNpb25xRVgwbzJ2OWE0NERYeklkVnpBMURyM05obG1RdktjK0tTMitWS0QzZTZwM2kwdz09IiwieSI6IkFBQUFNSGxISTJQZGppLzNoeURhVUE3SlNaTVVBYmJ3RW4xdlEvYjlNaDlWN2VFb3B1Ly9uMXprVDZOQ2FVWmd6Q2JBY0E9PSIsImt0eSI6IkVDIn0%3D&spa%5Fclient%5Fid=08e18876%2D6177%2D487e%2Db8b5%2Dcf950c1e598c&client%5Finfo=1&response%5Ftype=code%20id%5Ftoken%20spa%5Frt&resource=00000003%2D0000%2D0ff1%2Dce00%2D000000000000&scope=openid&nonce=46E0E1CC03B52D4BA96437E3AC1E4AA28B0B6C5FCECBFA92%2D981317AAD46B91EB4F35AF3914698CA7E61ED7B0167963E122EA6E2AD6CEC796&redirect%5Furi=https%3A%2F%2Flmco%2Esharepoint%2Eus%2F%5Fforms%2Fdefault%2Easpx&state=OD0wJjMyPUFBTERiZ0FBQUJSYVdUclQyMEFma3MwQ3k5OUVoJTJGeHQlMkZQJTJCcjVvZkJaaDJtaHRKRWdGR283V2hNbHZmMmlJNm52T2VLNUFNTllhOURqVzJGYzh6NDhrVDFDT3pqOWQ5VmFOd0pOS2M4U0p3dWFlZWI1ZCUyQnhLYUxxJTJCSGt2WVolMkJ4UWxGVVNjVVNsdmExOXVhY2xHdEk0UjMzekxQb3haNEpmQmFQYTNicko4VUEyQ3dIY1ZJQlpUWSUyRkdWZW1QeFdkVk5OUE1vOTY2OERSekVDNjYlMkZ5Q29IbnU5YXQyb3IzeUcyemxIRSUyQjZCOTd4MXpuJTJGaCUyRmE3YWs2RiUyQlU0Q0JzWkVFTzJ0Y2pyV0VpZDNHQWRrT1ZhYW9oME8ySmVSaVB5azIlMkJBRHZGSnI0OFNhWVNDbVpzSHJzZ1p4VFRlRnlmbXlqaUJLZWdIVTBKaWhyc3NQMmJuUkFvQW5Gd1N5WElZbU5SVXJ6JTJGNk5QQ0NraDRta2I3ZmVDVklSNEtmNGslMkZVMW9nJTNEJTNE&claims=%7B%22id%5Ftoken%22%3A%7B%22xms%5Fcc%22%3A%7B%22values%22%3A%5B%22CP1%22%5D%7D%7D%7D&wsucxt=1&cobrandid=11bd8083%2D87e0%2D41b5%2Dbb78%2D0bc43c8a8e8a&client%2Drequest%2Did=d3cf15a2%2D8040%2D0000%2D469f%2D8dc0e1d9b4a1
INFO     Session saved to: C:\Users\e480545\Scripts\Code Review Updater\local\..\sp_dest_session.json
INFO     Downloading: https://lmco.sharepoint.us/sites/US-NGI-Cyber-Software/Shared Documents/General/Software Support/New Code Review Tracker.xlsx?download=1
INFO     Downloading: https://space-us.external.lmco.com/sites/ngi/fa/Software/Software/01-Common-Folder/NGI FSW Formal Review Status.xlsx?download=1
ERROR    Download did not start
ERROR      URL attempted: https://space-us.external.lmco.com/sites/ngi/fa/Software/Software/01-Common-Folder/NGI FSW Formal Review Status.xlsx?download=1
ERROR      HTTP Status: 200
ERROR      Current page: https://auth.p.external.lmco.com/idp/SSO.saml2
ERROR      Page title: Choose Identity Provider
ERROR    ✗ Failed to download source
ERROR    Download did not start
ERROR      URL attempted: https://lmco.sharepoint.us/sites/US-NGI-Cyber-Software/Shared Documents/General/Software Support/New Code Review Tracker.xlsx?download=1
ERROR      HTTP Status: 200
ERROR      Current page: https://login.microsoftonline.us/b18f006c-b0fc-467d-b23a-a35b5695b5dc/oauth2/authorize?client%5Fid=00000003%2D0000%2D0ff1%2Dce00%2D000000000000&response%5Fmode=form%5Fpost&ear%5Fjwe%5Fcrypto=eyJhbGciOiJFQ0RILUVTIiwiZW5jIjoiQTI1NkdDTSIsImFwdiI6IkFBQUFDVVZoY2tOc2FXVnVkR2dBQUFCRlEwc3pNQUFBQU15RzV3VG9aWHdPMnVwV3JHb2dUS0NBeS83MGhyMkQ5c2tiS01CMFNYazlZMGhTam5KRkdQL2xwWldUWmd6TVVkbEptN1A2dzBBeTZRMFpxYWhtRmtHS2hVSy93dTN6RDh1aUtRSFhLWDFMVjBCZTJrWk0rQVJhbXJqTSthMjhrZ0FBQUJpQkFMemlLT3lkT2U0QlgwZnQ4ZGdnQUg0SFVRSTRNOG89In0%3D&ear%5Fjwk=eyJhbGciOiJFQ0RILUVTIiwiY3J2IjoiUC0zODQiLCJ4IjoiQUFBQU1NeUc1d1RvWlh3TzJ1cFdyR29nVEtDQXkvNzBocjJEOXNrYktNQjBTWGs5WTBoU2puSkZHUC9scFpXVFpnek1VUT09IiwieSI6IkFBQUFNTmxKbTdQNncwQXk2UTBacWFobUZrR0toVUsvd3UzekQ4dWlLUUhYS1gxTFYwQmUya1pNK0FSYW1yak0rYTI4a2c9PSIsImt0eSI6IkVDIn0%3D&spa%5Fclient%5Fid=08e18876%2D6177%2D487e%2Db8b5%2Dcf950c1e598c&client%5Finfo=1&response%5Ftype=code%20id%5Ftoken%20spa%5Frt&resource=00000003%2D0000%2D0ff1%2Dce00%2D000000000000&scope=openid&nonce=B66BDCD2A77082828B62C4216AEFCA70E902C9CD4B97B9BF%2DBF1262EC05E1F0086C99CF2204E539849265C1FEE6520C44E1FDDB062D573697&redirect%5Furi=https%3A%2F%2Flmco%2Esharepoint%2Eus%2F%5Fforms%2Fdefault%2Easpx&state=OD0wJjMyPUFBTERiZ0FBQUJSYVdUclQyMEFma3MwQ3k5OUVoJTJGeHQlMkZQJTJCcjVrVnZCQlU4bzZkT21LakhsU3NkVCUyQkhxQndkSHcxbFlPakQwb0NKMGtMSDZEUjl2aDJKSlEzVENKSkdjTXlnSzk1cXlUTmZPWVo5VVBXSDl1c0RyUThKc0cxaW12NzJndVpvanUyd2olMkYzQkp1UEVYcHpTYnlXclh6eXRrQzZhT1JFTHJTakZuc1FtbHg3YiUyRktCemFQRWxoNWRoQ3VEVmo5VlkxaWF4cUE5cXg5U1Q5T0VFalFkclpKRnROUnlvbWxQd0pHcVVMbVRmakVJWXJQeTQ2S3ZCSTNzbmwlMkY0JTJGRjdQV043ODJDZTBBVExFaURTRzN3aHkxeTJsdWhIY3hEcEZ0Zld6c0JJeTBlRHF2QTVHVGx4T0FNajF5UWtQbDV4UzJGczliRWJvNWUybEJTRHFvd1lYbkhaSE50bVhNZ2ZUTktUOUkwRnNNMmxPbEJkTU1yRHdmTGttZGREQSUzRCUzRA&claims=%7B%22id%5Ftoken%22%3A%7B%22xms%5Fcc%22%3A%7B%22values%22%3A%5B%22CP1%22%5D%7D%7D%7D&wsucxt=1&cobrandid=11bd8083%2D87e0%2D41b5%2Dbb78%2D0bc43c8a8e8a&client%2Drequest%2Did=d4cf15a2%2D701e%2D0000%2D469f%2D851f51f623a4
ERROR      Page title: Sign in to your account
ERROR      Redirected to login page - session may have expired
INFO     ======================================================================
INFO     Code Review Local - Starting Workflow
INFO     ======================================================================
INFO     ======================================================================
INFO     Code Review Local - Starting Workflow
INFO     ======================================================================
INFO     
======================================================================
INFO     STEP 1: Downloading files from SharePoint (PARALLEL)
INFO     ======================================================================
INFO     Checking saved session...
INFO     Session is valid.
INFO     Checking saved session...
INFO     Session is valid.
INFO     Downloading: https://lmco.sharepoint.us/sites/US-NGI-Cyber-Software/Shared Documents/General/Software Support/New Code Review Tracker.xlsx?download=1
INFO     Downloading: https://space-us.external.lmco.com/sites/ngi/fa/Software/Software/01-Common-Folder/NGI FSW Formal Review Status.xlsx?download=1
INFO     Navigation interrupted by download (expected)
INFO     Download started: New Code Review Tracker.xlsx
ERROR    Download did not start
ERROR      URL attempted: https://space-us.external.lmco.com/sites/ngi/fa/Software/Software/01-Common-Folder/NGI FSW Formal Review Status.xlsx?download=1
ERROR      HTTP Status: 200
ERROR      Current page: https://auth.p.external.lmco.com/idp/SSO.saml2
ERROR      Page title: Choose Identity Provider
INFO     Deleting existing file: C:\Users\e480545\Scripts\Code Review Updater\local\comparison_tracker.xlsx
INFO     Saved to: C:\Users\e480545\Scripts\Code Review Updater\local\comparison_tracker.xlsx (346.0 KB)
INFO     ✓ Downloaded comparison to: C:\Users\e480545\Scripts\Code Review Updater\local\comparison_tracker.xlsx
ERROR    ✗ Failed to download source
INFO     ======================================================================
INFO     Code Review Local - Starting Workflow
INFO     ======================================================================
INFO     ======================================================================
INFO     Code Review Local - Starting Workflow
INFO     ======================================================================
INFO     ======================================================================
INFO     Code Review Local - Starting Workflow
INFO     ======================================================================
INFO     
======================================================================
INFO     STEP 1: Downloading files from SharePoint (PARALLEL)
INFO     ======================================================================
INFO     Checking saved session...
INFO     Session is valid.
INFO     Checking saved session...
INFO     Session is valid.
INFO     Downloading: https://space-us.external.lmco.com/sites/ngi/fa/Software/Software/01-Common-Folder/NGI FSW Formal Review Status.xlsx?download=1
INFO     Downloading: https://lmco.sharepoint.us/sites/US-NGI-Cyber-Software/Shared Documents/General/Software Support/New Code Review Tracker.xlsx?download=1
INFO     Navigation interrupted by download (expected)
INFO     Download started: New Code Review Tracker.xlsx
ERROR    Download did not start
ERROR      URL attempted: https://space-us.external.lmco.com/sites/ngi/fa/Software/Software/01-Common-Folder/NGI FSW Formal Review Status.xlsx?download=1
ERROR      HTTP Status: 200
ERROR      Current page: https://auth.p.external.lmco.com/idp/SSO.saml2
ERROR      Page title: Choose Identity Provider
INFO     Deleting existing file: C:\Users\e480545\Scripts\Code Review Updater\local\comparison_tracker.xlsx
INFO     Saved to: C:\Users\e480545\Scripts\Code Review Updater\local\comparison_tracker.xlsx (346.0 KB)
INFO     ✓ Downloaded comparison to: C:\Users\e480545\Scripts\Code Review Updater\local\comparison_tracker.xlsx
ERROR    ✗ Failed to download source
INFO     ======================================================================
INFO     Code Review Local - Starting Workflow
INFO     ======================================================================
INFO     
======================================================================
INFO     STEP 1: Downloading files from SharePoint (PARALLEL)
INFO     ======================================================================
INFO     Checking saved session...
INFO     Session is valid.
INFO     Checking saved session...
INFO     Session is valid.
INFO     Downloading: https://space-us.external.lmco.com/sites/ngi/fa/Software/Software/01-Common-Folder/NGI FSW Formal Review Status.xlsx?download=1
INFO     Downloading: https://lmco.sharepoint.us/sites/US-NGI-Cyber-Software/Shared Documents/General/Software Support/New Code Review Tracker.xlsx?download=1
INFO     Navigation interrupted by download (expected)
INFO     Download started: New Code Review Tracker.xlsx
ERROR    Download did not start
ERROR      URL attempted: https://space-us.external.lmco.com/sites/ngi/fa/Software/Software/01-Common-Folder/NGI FSW Formal Review Status.xlsx?download=1
ERROR      HTTP Status: 200
ERROR      Current page: https://auth.p.external.lmco.com/idp/SSO.saml2
ERROR      Page title: Choose Identity Provider
INFO     Deleting existing file: C:\Users\e480545\Scripts\Code Review Updater\local\comparison_tracker.xlsx
INFO     Saved to: C:\Users\e480545\Scripts\Code Review Updater\local\comparison_tracker.xlsx (346.0 KB)
INFO     ✓ Downloaded comparison to: C:\Users\e480545\Scripts\Code Review Updater\local\comparison_tracker.xlsx
ERROR    ✗ Failed to download source
INFO     ======================================================================
INFO     Code Review Local - Starting Workflow
INFO     ======================================================================
INFO     
======================================================================
INFO     STEP 1: Downloading files from SharePoint (PARALLEL)
INFO     ======================================================================
INFO     Checking saved session...
INFO     Session is valid.
INFO     No saved session found at: C:\Users\e480545\Scripts\Code Review Updater\local\sp_dest_session.json
INFO     Opening browser for login…
INFO     User confirmed login.
INFO     Session saved to: C:\Users\e480545\Scripts\Code Review Updater\local\sp_dest_session.json
INFO     Downloading: https://lmco.sharepoint.us/sites/US-NGI-Cyber-Software/Shared Documents/General/Software Support/New Code Review Tracker.xlsx?download=1
INFO     Downloading: https://space-us.external.lmco.com/sites/ngi/fa/Software/Software/01-Common-Folder/NGI FSW Formal Review Status.xlsx?download=1
ERROR    Download did not start
ERROR      URL attempted: https://space-us.external.lmco.com/sites/ngi/fa/Software/Software/01-Common-Folder/NGI FSW Formal Review Status.xlsx?download=1
ERROR      HTTP Status: 200
ERROR      Current page: https://auth.p.external.lmco.com/idp/SSO.saml2
ERROR      Page title: Choose Identity Provider
ERROR    ✗ Failed to download source
ERROR    Download did not start
ERROR      URL attempted: https://lmco.sharepoint.us/sites/US-NGI-Cyber-Software/Shared Documents/General/Software Support/New Code Review Tracker.xlsx?download=1
ERROR      HTTP Status: 302
ERROR      Current page: https://login.microsoftonline.us/b18f006c-b0fc-467d-b23a-a35b5695b5dc/oauth2/authorize?client%5Fid=00000003%2D0000%2D0ff1%2Dce00%2D000000000000&response%5Fmode=form%5Fpost&ear%5Fjwe%5Fcrypto=eyJhbGciOiJFQ0RILUVTIiwiZW5jIjoiQTI1NkdDTSIsImFwdiI6IkFBQUFDVVZoY2tOc2FXVnVkR2dBQUFCRlEwc3pNQUFBQUlONlcwb1FFZ3JvenNKNjRIa3BpWXZnVFpUaUNUY2w2VldnckFxQXVQSVk3cGZYVEZpRnVadXBOdjYrS2ZXSGlBODdlbGtTdExTbGZFTnlzTmQ4WEozaUxXdWlOa1BYS0xuTDlrUkZFV3VjY0tzbUhQaHQwT0NCbUk1MENEV1I0d0FBQUJqTXA1RVFZaE42VmRaZGh4NUtLRUZkRHZuWnY1TFNXc0E9In0%3D&ear%5Fjwk=eyJhbGciOiJFQ0RILUVTIiwiY3J2IjoiUC0zODQiLCJ4IjoiQUFBQU1JTjZXMG9RRWdyb3pzSjY0SGtwaVl2Z1RaVGlDVGNsNlZXZ3JBcUF1UElZN3BmWFRGaUZ1WnVwTnY2K0tmV0hpQT09IiwieSI6IkFBQUFNQTg3ZWxrU3RMU2xmRU55c05kOFhKM2lMV3VpTmtQWEtMbkw5a1JGRVd1Y2NLc21IUGh0ME9DQm1JNTBDRFdSNHc9PSIsImt0eSI6IkVDIn0%3D&spa%5Fclient%5Fid=08e18876%2D6177%2D487e%2Db8b5%2Dcf950c1e598c&client%5Finfo=1&response%5Ftype=code%20id%5Ftoken%20spa%5Frt&resource=00000003%2D0000%2D0ff1%2Dce00%2D000000000000&scope=openid&nonce=A02A9F45B21D829AC8843E7BA6F70389D4730D81FA6350F8%2DA68B0253B5958349AD3CEA0226283A8F4F8B7C08E7EB1823EE393DA68D5AF1A3&redirect%5Furi=https%3A%2F%2Flmco%2Esharepoint%2Eus%2F%5Fforms%2Fdefault%2Easpx&state=OD0wJjMyPUFBTERiZ0FBQUJSYVdUclQyMEFma3MwQ3k5OUVoJTJGeHQlMkZQJTJCcjVycEQ4aWZZQUZ4SGphSUVMa3h5Q1pyWGtTZmxKZHlZZjJXUVA2MXVPNzI5bW9JTFNaemd6WXdPNlNuZ1lRQnlHbmc5TVdnRzZzYmhEVHpLZHFFMlp3TnJTMEJDMFpTbWo0WUF6SHZ0UlVlN3VVVWgyalElMkJjMXdBRkZmazF5MTlQJTJGOXBWTjNiRnRkSmN6UXN4Q1k2NTJFT2NVVFJNTTFmOHcxYUV5NEwyTFpqaFNtY2xrcFdVWVI0OTN6TkxmJTJGN2VSRnhtbUhTZFN6UjlReU5UdXgzWHFHOHFwNmxmQ1JGZkY2UXRmM2dOQmJtZFhNZ05XS2dIQkZ0cSUyQll6QzNLWTducWs2dU1HVzMzcVRtVU1PUksxZ2FKNiUyQlVvS0o5VUN3SEJ3ZkdVS0pnS3U4YTNvTTVUNG1RS2RZblRhN0NpYnolMkZKRVZvRjFCbVpYcSUyRjhDdEZqUll1VUl0JTJCbDZpdyUzRCUzRA&login%5Fhint=e480545%40us%2Elmco%2Ecom&claims=%7B%22id%5Ftoken%22%3A%7B%22acrs%22%3A%7B%22essential%22%3Atrue%2C%22value%22%3A%22c21%22%7D%2C%22xms%5Fcc%22%3A%7B%22values%22%3A%5B%22CP1%22%5D%7D%7D%7D&wsucxt=1&cobrandid=11bd8083%2D87e0%2D41b5%2Dbb78%2D0bc43c8a8e8a&client%2Drequest%2Did=75d015a2%2Dd0ee%2D0000%2D469f%2D886c2f6ab464
ERROR      Page title: Loading https://lmco.sharepoint.us/sites/US-NGI-Cyber-Software/_layouts/15/Authenticate.aspx?Source=%2Fsites%2FUS%2DNGI%2DCyber%2DSoftware%2FShared%20Documents%2FGeneral%2FSoftware%20Support%2FNew%20Code%20Review%20Tracker%2Exlsx%3Fdownload%3D1
INFO     ======================================================================
INFO     Code Review Local - Starting Workflow
INFO     ======================================================================
INFO     
======================================================================
INFO     STEP 1: Downloading files from SharePoint (PARALLEL)
INFO     ======================================================================
INFO     No saved session found at: C:\Users\e480545\Scripts\Code Review Updater\local\sp_session.json
INFO     Opening browser for login…
INFO     User confirmed login.
INFO     Session saved to: C:\Users\e480545\Scripts\Code Review Updater\local\sp_session.json
INFO     No saved session found at: C:\Users\e480545\Scripts\Code Review Updater\local\sp_dest_session.json
INFO     Opening browser for login…
INFO     User confirmed login.
INFO     Session saved to: C:\Users\e480545\Scripts\Code Review Updater\local\sp_dest_session.json
INFO     Downloading: https://lmco.sharepoint.us/sites/US-NGI-Cyber-Software/Shared Documents/General/Software Support/New Code Review Tracker.xlsx?download=1
INFO     Downloading: https://space-us.external.lmco.com/sites/ngi/fa/Software/Software/01-Common-Folder/NGI FSW Formal Review Status.xlsx?download=1
INFO     Navigation interrupted by download (expected)
INFO     Download started: NGI FSW Formal Review Status.xlsx
INFO     Navigation interrupted by download (expected)
INFO     Download started: New Code Review Tracker.xlsx
INFO     Saved to: C:\Users\e480545\Scripts\Code Review Updater\local\NGI FSW Formal Review Status.xlsx (211.0 KB)
INFO     Deleting existing file: C:\Users\e480545\Scripts\Code Review Updater\local\comparison_tracker.xlsx
INFO     Saved to: C:\Users\e480545\Scripts\Code Review Updater\local\comparison_tracker.xlsx (346.0 KB)
INFO     ✓ Downloaded source to: C:\Users\e480545\Scripts\Code Review Updater\local\NGI FSW Formal Review Status.xlsx
INFO     ✓ Downloaded comparison to: C:\Users\e480545\Scripts\Code Review Updater\local\comparison_tracker.xlsx
INFO     
======================================================================
INFO     STEP 2: Processing and categorizing data
INFO     ======================================================================
INFO     Reading from: C:\Users\e480545\Scripts\Code Review Updater\local\NGI FSW Formal Review Status.xlsx
INFO     Rows routed:
INFO       Code    : 674
INFO       Design  : 192
INFO       Test    : 0
INFO       Other   : 61
INFO       ignored  : 297
INFO     ✓ Processed data saved to: C:\Users\e480545\AppData\Local\Temp\1\tmp6n8dasmd.xlsx
INFO     
======================================================================
INFO     STEP 3: Comparing and saving to local destination
INFO     ======================================================================
INFO     Comparing against: comparison_tracker.xlsx
INFO       Sheet 'Code': Max Review # in tracker = 105715
INFO       Sheet 'Code': 0 new rows to save
INFO       Sheet 'Design': Max Review # in tracker = 105686
INFO       Sheet 'Design': 0 new rows to save
INFO       Sheet 'Other': Max Review # in tracker = 105626
INFO       Sheet 'Other': 1 new rows to save
INFO     
Saving 1 new rows to local destination...
INFO     Found table 'Table325' with range B3:G751
INFO     Expanded table to B3:G752
INFO     Appended 1 rows to 'Other' starting at row 752
INFO     ✓ Created new destination: C:\Users\e480545\Scripts\Code Review Updater\local\destination_current.xlsx
INFO     
======================================================================
INFO     ✓ WORKFLOW COMPLETED SUCCESSFULLY
INFO     ======================================================================
INFO     ======================================================================
INFO     Code Review Local - Starting Workflow
INFO     ======================================================================
INFO     
======================================================================
INFO     STEP 1: Downloading files from SharePoint (PARALLEL)
INFO     ======================================================================
INFO     Checking saved session...
INFO     Session is valid.
INFO     Checking saved session...
INFO     Session is valid.
INFO     Downloading: https://lmco.sharepoint.us/sites/US-NGI-Cyber-Software/Shared Documents/General/Software Support/New Code Review Tracker.xlsx?download=1
INFO     Downloading: https://space-us.external.lmco.com/sites/ngi/fa/Software/Software/01-Common-Folder/NGI FSW Formal Review Status.xlsx?download=1
INFO     Navigation interrupted by download (expected)
INFO     Download started: NGI FSW Formal Review Status.xlsx
INFO     Navigation interrupted by download (expected)
INFO     Download started: New Code Review Tracker.xlsx
INFO     Deleting existing file: C:\Users\e480545\Scripts\Code Review Updater\local\NGI FSW Formal Review Status.xlsx
INFO     Saved to: C:\Users\e480545\Scripts\Code Review Updater\local\NGI FSW Formal Review Status.xlsx (211.0 KB)
INFO     Deleting existing file: C:\Users\e480545\Scripts\Code Review Updater\local\comparison_tracker.xlsx
INFO     Saved to: C:\Users\e480545\Scripts\Code Review Updater\local\comparison_tracker.xlsx (346.0 KB)
INFO     ✓ Downloaded comparison to: C:\Users\e480545\Scripts\Code Review Updater\local\comparison_tracker.xlsx
INFO     ✓ Downloaded source to: C:\Users\e480545\Scripts\Code Review Updater\local\NGI FSW Formal Review Status.xlsx
INFO     
======================================================================
INFO     STEP 2: Processing and categorizing data
INFO     ======================================================================
INFO     Reading from: C:\Users\e480545\Scripts\Code Review Updater\local\NGI FSW Formal Review Status.xlsx
INFO     Rows routed:
INFO       Code    : 674
INFO       Design  : 192
INFO       Test    : 0
INFO       Other   : 61
INFO       ignored  : 297
INFO     ✓ Processed data saved to: C:\Users\e480545\AppData\Local\Temp\1\tmpcjk3abfo.xlsx
INFO     
======================================================================
INFO     STEP 3: Comparing and saving to local destination
INFO     ======================================================================
INFO     Comparing against: destination_current.xlsx
INFO       Sheet 'Code': Max Review # in tracker = 105715
INFO       Sheet 'Code': 0 new rows to save
INFO       Sheet 'Design': Max Review # in tracker = 105686
INFO       Sheet 'Design': 0 new rows to save
INFO       Sheet 'Other': Max Review # in tracker = 105712
INFO       Sheet 'Other': 0 new rows to save
INFO     
======================================================================
INFO     ✓ NO NEW DATA - All rows already exist in tracker!
INFO     ======================================================================
INFO     ======================================================================
INFO     Code Review Local - Starting Workflow
INFO     ======================================================================
INFO     
======================================================================
INFO     STEP 1: Downloading files from SharePoint (PARALLEL)
INFO     ======================================================================
INFO     Checking saved session...
INFO     Session is valid.
INFO     Checking saved session...
INFO     Session is valid.
INFO     Downloading: https://space-us.external.lmco.com/sites/ngi/fa/Software/Software/01-Common-Folder/NGI FSW Formal Review Status.xlsx?download=1
INFO     Downloading: https://lmco.sharepoint.us/sites/US-NGI-Cyber-Software/Shared Documents/General/Software Support/New Code Review Tracker.xlsx?download=1
INFO     Navigation interrupted by download (expected)
INFO     Download started: NGI FSW Formal Review Status.xlsx
INFO     Navigation interrupted by download (expected)
INFO     Download started: New Code Review Tracker.xlsx
INFO     Deleting existing file: C:\Users\e480545\Scripts\Code Review Updater\local\NGI FSW Formal Review Status.xlsx
INFO     Saved to: C:\Users\e480545\Scripts\Code Review Updater\local\NGI FSW Formal Review Status.xlsx (211.0 KB)
INFO     Deleting existing file: C:\Users\e480545\Scripts\Code Review Updater\local\comparison_tracker.xlsx
INFO     Saved to: C:\Users\e480545\Scripts\Code Review Updater\local\comparison_tracker.xlsx (346.0 KB)
INFO     ✓ Downloaded comparison to: C:\Users\e480545\Scripts\Code Review Updater\local\comparison_tracker.xlsx
INFO     ✓ Downloaded source to: C:\Users\e480545\Scripts\Code Review Updater\local\NGI FSW Formal Review Status.xlsx
INFO     
======================================================================
INFO     STEP 2: Processing and categorizing data
INFO     ======================================================================
INFO     Reading from: C:\Users\e480545\Scripts\Code Review Updater\local\NGI FSW Formal Review Status.xlsx
INFO     Rows routed:
INFO       Code    : 674
INFO       Design  : 192
INFO       Test    : 0
INFO       Other   : 61
INFO       ignored  : 297
INFO     ✓ Processed data saved to: C:\Users\e480545\AppData\Local\Temp\1\tmpx98h4v1i.xlsx
INFO     
======================================================================
INFO     STEP 3: Comparing and saving to local destination
INFO     ======================================================================
INFO     Comparing against: destination_current.xlsx
INFO       Sheet 'Code': Max Review # in tracker = 105715
INFO       Sheet 'Code': 0 new rows to save
INFO       Sheet 'Design': Max Review # in tracker = 105686
INFO       Sheet 'Design': 0 new rows to save
INFO       Sheet 'Other': Max Review # in tracker = 105712
INFO       Sheet 'Other': 0 new rows to save
INFO     
======================================================================
INFO     ✓ NO NEW DATA - All rows already exist in tracker!
INFO     ======================================================================
INFO     ======================================================================
INFO     Code Review Local - Starting Workflow
INFO     ======================================================================
INFO     
======================================================================
INFO     STEP 1: Downloading files from SharePoint (PARALLEL)
INFO     ======================================================================
INFO     Checking saved session...
INFO     Session is valid.
INFO     Checking saved session...
INFO     Session is valid.
INFO     Downloading: https://lmco.sharepoint.us/sites/US-NGI-Cyber-Software/Shared Documents/General/Software Support/New Code Review Tracker.xlsx?download=1
INFO     Downloading: https://space-us.external.lmco.com/sites/ngi/fa/Software/Software/01-Common-Folder/NGI FSW Formal Review Status.xlsx?download=1
INFO     Navigation interrupted by download (expected)
INFO     Download started: NGI FSW Formal Review Status.xlsx
INFO     Navigation interrupted by download (expected)
INFO     Download started: New Code Review Tracker.xlsx
INFO     Deleting existing file: C:\Users\e480545\Scripts\Code Review Updater\local\NGI FSW Formal Review Status.xlsx
INFO     Saved to: C:\Users\e480545\Scripts\Code Review Updater\local\NGI FSW Formal Review Status.xlsx (211.0 KB)
INFO     Deleting existing file: C:\Users\e480545\Scripts\Code Review Updater\local\comparison_tracker.xlsx
INFO     Saved to: C:\Users\e480545\Scripts\Code Review Updater\local\comparison_tracker.xlsx (346.0 KB)
INFO     ✓ Downloaded source to: C:\Users\e480545\Scripts\Code Review Updater\local\NGI FSW Formal Review Status.xlsx
INFO     ✓ Downloaded comparison to: C:\Users\e480545\Scripts\Code Review Updater\local\comparison_tracker.xlsx
INFO     
======================================================================
INFO     STEP 2: Processing and categorizing data
INFO     ======================================================================
INFO     Reading from: C:\Users\e480545\Scripts\Code Review Updater\local\NGI FSW Formal Review Status.xlsx
INFO     Rows routed:
INFO       Code    : 674
INFO       Design  : 192
INFO       Test    : 0
INFO       Other   : 61
INFO       ignored  : 297
INFO     ✓ Processed data saved to: C:\Users\e480545\AppData\Local\Temp\1\tmp_zf18a14.xlsx
INFO     
======================================================================
INFO     STEP 3: Comparing and saving to local destination
INFO     ======================================================================
INFO     Comparing against: destination_current.xlsx
INFO       Sheet 'Code': Max Review # in tracker = 105715
INFO       Sheet 'Code': 0 new rows to save
INFO       Sheet 'Design': Max Review # in tracker = 105686
INFO       Sheet 'Design': 0 new rows to save
INFO       Sheet 'Other': Max Review # in tracker = 105712
INFO       Sheet 'Other': 0 new rows to save
INFO     
======================================================================
INFO     ✓ NO NEW DATA - All rows already exist in tracker!
INFO     ======================================================================
INFO     ======================================================================
INFO     Code Review Local - Starting Workflow
INFO     ======================================================================
INFO     
======================================================================
INFO     STEP 1: Downloading files from SharePoint (PARALLEL)
INFO     ======================================================================
INFO     Checking saved session...
INFO     Session is valid.
INFO     Checking saved session...
INFO     Session is valid.
INFO     Downloading: https://lmco.sharepoint.us/sites/US-NGI-Cyber-Software/Shared Documents/General/Software Support/New Code Review Tracker.xlsx?download=1
INFO     Downloading: https://space-us.external.lmco.com/sites/ngi/fa/Software/Software/01-Common-Folder/NGI FSW Formal Review Status.xlsx?download=1
INFO     Navigation interrupted by download (expected)
INFO     Download started: NGI FSW Formal Review Status.xlsx
INFO     Navigation interrupted by download (expected)
INFO     Download started: New Code Review Tracker.xlsx
INFO     Deleting existing file: C:\Users\e480545\Scripts\Code Review Updater\local\NGI FSW Formal Review Status.xlsx
INFO     Saved to: C:\Users\e480545\Scripts\Code Review Updater\local\NGI FSW Formal Review Status.xlsx (211.0 KB)
INFO     Deleting existing file: C:\Users\e480545\Scripts\Code Review Updater\local\comparison_tracker.xlsx
INFO     Saved to: C:\Users\e480545\Scripts\Code Review Updater\local\comparison_tracker.xlsx (346.0 KB)
INFO     ✓ Downloaded comparison to: C:\Users\e480545\Scripts\Code Review Updater\local\comparison_tracker.xlsx
INFO     ✓ Downloaded source to: C:\Users\e480545\Scripts\Code Review Updater\local\NGI FSW Formal Review Status.xlsx
INFO     
======================================================================
INFO     STEP 2: Processing and categorizing data
INFO     ======================================================================
INFO     Reading from: C:\Users\e480545\Scripts\Code Review Updater\local\NGI FSW Formal Review Status.xlsx
INFO     Rows routed:
INFO       Code    : 674
INFO       Design  : 192
INFO       Test    : 0
INFO       Other   : 61
INFO       ignored  : 297
INFO     ✓ Processed data saved to: C:\Users\e480545\AppData\Local\Temp\1\tmpxxn7tw6v.xlsx
INFO     
======================================================================
INFO     STEP 3: Comparing and saving to local destination
INFO     ======================================================================
INFO     Comparing against: destination_current.xlsx
INFO       Sheet 'Code': Max Review # in tracker = 105715
INFO       Sheet 'Code': 0 new rows to save
INFO       Sheet 'Design': Max Review # in tracker = 105686
INFO       Sheet 'Design': 0 new rows to save
INFO       Sheet 'Other': Max Review # in tracker = 105712
INFO       Sheet 'Other': 0 new rows to save
INFO     
======================================================================
INFO     ✓ NO NEW DATA - All rows already exist in tracker!
INFO     ======================================================================
INFO     ======================================================================
INFO     Code Review Local - Starting Workflow
INFO     ======================================================================
INFO     
======================================================================
INFO     STEP 1: Downloading files from SharePoint (PARALLEL)
INFO     ======================================================================
INFO     Checking saved session...
INFO     Session is valid.
INFO     Checking saved session...
INFO     Session is valid.
INFO     Downloading: https://lmco.sharepoint.us/sites/US-NGI-Cyber-Software/Shared Documents/General/Software Support/New Code Review Tracker.xlsx?download=1
INFO     Downloading: https://space-us.external.lmco.com/sites/ngi/fa/Software/Software/01-Common-Folder/NGI FSW Formal Review Status.xlsx?download=1
INFO     Navigation interrupted by download (expected)
INFO     Download started: NGI FSW Formal Review Status.xlsx
INFO     Navigation interrupted by download (expected)
INFO     Download started: New Code Review Tracker.xlsx
INFO     Deleting existing file: C:\Users\e480545\Scripts\Code Review Updater\local\NGI FSW Formal Review Status.xlsx
INFO     Saved to: C:\Users\e480545\Scripts\Code Review Updater\local\NGI FSW Formal Review Status.xlsx (211.0 KB)
INFO     Deleting existing file: C:\Users\e480545\Scripts\Code Review Updater\local\comparison_tracker.xlsx
INFO     Saved to: C:\Users\e480545\Scripts\Code Review Updater\local\comparison_tracker.xlsx (346.0 KB)
INFO     ✓ Downloaded source to: C:\Users\e480545\Scripts\Code Review Updater\local\NGI FSW Formal Review Status.xlsx
INFO     ✓ Downloaded comparison to: C:\Users\e480545\Scripts\Code Review Updater\local\comparison_tracker.xlsx
INFO     
======================================================================
INFO     STEP 2: Processing and categorizing data
INFO     ======================================================================
INFO     Reading from: C:\Users\e480545\Scripts\Code Review Updater\local\NGI FSW Formal Review Status.xlsx
INFO     Rows routed:
INFO       Code    : 674
INFO       Design  : 192
INFO       Test    : 0
INFO       Other   : 61
INFO       ignored  : 297
INFO     ✓ Processed data saved to: C:\Users\e480545\AppData\Local\Temp\1\tmpjf3m7lf7.xlsx
INFO     
======================================================================
INFO     STEP 3: Comparing and saving to local destination
INFO     ======================================================================
INFO     Comparing against: destination_current.xlsx
INFO       Sheet 'Code': Max Review # in tracker = 105715
INFO       Sheet 'Code': 0 new rows to save
INFO       Sheet 'Design': Max Review # in tracker = 105686
INFO       Sheet 'Design': 0 new rows to save
INFO       Sheet 'Other': Max Review # in tracker = 105712
INFO       Sheet 'Other': 0 new rows to save
INFO     
======================================================================
INFO     ✓ NO NEW DATA - All rows already exist in tracker!
INFO     ======================================================================
